Determining if the pthread_create exist failed with the following output:
Change Dir: /home/er/Documents/d_development/MMVII/TestER/build/CMakeFiles/CMakeTmp

Run Build Command:"/usr/bin/make" "cmTC_92e3b/fast"
/usr/bin/make -f CMakeFiles/cmTC_92e3b.dir/build.make CMakeFiles/cmTC_92e3b.dir/build
make[1] : on entre dans le répertoire « /home/er/Documents/d_development/MMVII/TestER/build/CMakeFiles/CMakeTmp »
Building C object CMakeFiles/cmTC_92e3b.dir/CheckSymbolExists.c.o
/usr/bin/cc     -o CMakeFiles/cmTC_92e3b.dir/CheckSymbolExists.c.o   -c /home/er/Documents/d_development/MMVII/TestER/build/CMakeFiles/CMakeTmp/CheckSymbolExists.c
Linking C executable cmTC_92e3b
/usr/bin/cmake -E cmake_link_script CMakeFiles/cmTC_92e3b.dir/link.txt --verbose=1
/usr/bin/cc       CMakeFiles/cmTC_92e3b.dir/CheckSymbolExists.c.o  -o cmTC_92e3b -rdynamic 
CMakeFiles/cmTC_92e3b.dir/CheckSymbolExists.c.o : Dans la fonction « main » :
CheckSymbolExists.c:(.text+0x16) : référence indéfinie vers « pthread_create »
collect2: error: ld returned 1 exit status
CMakeFiles/cmTC_92e3b.dir/build.make:97 : la recette pour la cible « cmTC_92e3b » a échouée
make[1]: *** [cmTC_92e3b] Erreur 1
make[1] : on quitte le répertoire « /home/er/Documents/d_development/MMVII/TestER/build/CMakeFiles/CMakeTmp »
Makefile:126 : la recette pour la cible « cmTC_92e3b/fast » a échouée
make: *** [cmTC_92e3b/fast] Erreur 2

File /home/er/Documents/d_development/MMVII/TestER/build/CMakeFiles/CMakeTmp/CheckSymbolExists.c:
/* */
#include <pthread.h>

int main(int argc, char** argv)
{
  (void)argv;
#ifndef pthread_create
  return ((int*)(&pthread_create))[argc];
#else
  (void)argc;
  return 0;
#endif
}

Determining if the function pthread_create exists in the pthreads failed with the following output:
Change Dir: /home/er/Documents/d_development/MMVII/TestER/build/CMakeFiles/CMakeTmp

Run Build Command:"/usr/bin/make" "cmTC_c4d19/fast"
/usr/bin/make -f CMakeFiles/cmTC_c4d19.dir/build.make CMakeFiles/cmTC_c4d19.dir/build
make[1] : on entre dans le répertoire « /home/er/Documents/d_development/MMVII/TestER/build/CMakeFiles/CMakeTmp »
Building C object CMakeFiles/cmTC_c4d19.dir/CheckFunctionExists.c.o
/usr/bin/cc    -DCHECK_FUNCTION_EXISTS=pthread_create   -o CMakeFiles/cmTC_c4d19.dir/CheckFunctionExists.c.o   -c /usr/share/cmake-3.5/Modules/CheckFunctionExists.c
Linking C executable cmTC_c4d19
/usr/bin/cmake -E cmake_link_script CMakeFiles/cmTC_c4d19.dir/link.txt --verbose=1
/usr/bin/cc   -DCHECK_FUNCTION_EXISTS=pthread_create    CMakeFiles/cmTC_c4d19.dir/CheckFunctionExists.c.o  -o cmTC_c4d19 -rdynamic -lpthreads 
/usr/bin/ld : ne peut trouver -lpthreads
collect2: error: ld returned 1 exit status
CMakeFiles/cmTC_c4d19.dir/build.make:97 : la recette pour la cible « cmTC_c4d19 » a échouée
make[1]: *** [cmTC_c4d19] Erreur 1
make[1] : on quitte le répertoire « /home/er/Documents/d_development/MMVII/TestER/build/CMakeFiles/CMakeTmp »
Makefile:126 : la recette pour la cible « cmTC_c4d19/fast » a échouée
make: *** [cmTC_c4d19/fast] Erreur 2


